<?xml version="1.0" encoding="UTF-8"?>
<!-- Generated by org.testng.reporters.JUnitReportReporter -->
<testsuite hostname="DBSF219" failures="0" tests="1" name="com.simplilearn.AppiumDemo.SpinnerDemo" time="14.057" errors="0" timestamp="2023-01-29T18:22:01 AEDT" skipped="0">
  <testcase classname="com.simplilearn.AppiumDemo.SpinnerDemo" name="selectColorAndDateFromSpinner" time="14.057"/>
  <system-out/>
</testsuite> <!-- com.simplilearn.AppiumDemo.SpinnerDemo -->
