<?xml version="1.0" encoding="UTF-8"?>
<!-- Generated by org.testng.reporters.JUnitReportReporter -->
<testsuite hostname="DBSF219" failures="0" tests="1" name="com.simplilearn.AppiumDemo.ZoomOutDemo" time="9.265" errors="0" timestamp="2023-02-04T15:12:21 AEDT" skipped="0">
  <testcase classname="com.simplilearn.AppiumDemo.ZoomOutDemo" name="ZoomOut" time="9.265"/>
  <system-out/>
</testsuite> <!-- com.simplilearn.AppiumDemo.ZoomOutDemo -->
