<?xml version="1.0" encoding="UTF-8"?>
<!-- Generated by org.testng.reporters.JUnitReportReporter -->
<testsuite hostname="DBSF219" failures="0" tests="1" name="com.simplilearn.AppiumDemo.SwipeDemo" time="2.607" errors="0" timestamp="2023-01-29T18:25:43 AEDT" skipped="0">
  <testcase classname="com.simplilearn.AppiumDemo.SwipeDemo" name="SwipeFromLeftToRight" time="2.607"/>
  <system-out/>
</testsuite> <!-- com.simplilearn.AppiumDemo.SwipeDemo -->
