<?xml version="1.0" encoding="UTF-8"?>
<!-- Generated by org.testng.reporters.JUnitReportReporter -->
<testsuite hostname="DBSF219" failures="0" tests="3" name="com.simplilearn.AppiumDemo.Calculator" time="9.201" errors="0" timestamp="2023-01-27T23:09:22 AEDT" skipped="0">
  <testcase classname="com.simplilearn.AppiumDemo.Calculator" name="verifyAdditionProcess" time="4.944"/>
  <system-out/>
  <testcase classname="com.simplilearn.AppiumDemo.Calculator" name="verifyMultiplicationProcess" time="4.075"/>
  <system-out/>
  <testcase classname="com.simplilearn.AppiumDemo.Calculator" name="verifyDelBtnIsPresent" time="0.182"/>
  <system-out/>
</testsuite> <!-- com.simplilearn.AppiumDemo.Calculator -->
